Using pre-set license
Built from '2021.3/staging' branch; Version is '2021.3.14f1 (eee1884e7226) revision 15655304'; Using compiler version '192829333'; Build Type 'Release'
OS: 'Windows 10  (10.0.19044) 64bit Enterprise' Language: 'ru' Physical Memory: 7997 MB
BatchMode: 1, IsHumanControllingUs: 0, StartBugReporterOnCrash: 0, Is64bit: 1, IsPro: 1

COMMAND LINE ARGUMENTS:
C:\Unity\2021.3.14f1\Editor\Unity.exe
-adb2
-batchMode
-noUpm
-name
AssetImportWorker0
-projectPath
C:/Users/Степан/Desktop/Unity GAME/Platformers
-logFile
Logs/AssetImportWorker0.log
-srvPort
1127
Successfully changed project path to: C:/Users/Степан/Desktop/Unity GAME/Platformers
C:/Users/Степан/Desktop/Unity GAME/Platformers
[UnityMemory] Configuration Parameters - Can be set up in boot.config
    "memorysetup-bucket-allocator-granularity=16"
    "memorysetup-bucket-allocator-bucket-count=8"
    "memorysetup-bucket-allocator-block-size=33554432"
    "memorysetup-bucket-allocator-block-count=8"
    "memorysetup-main-allocator-block-size=16777216"
    "memorysetup-thread-allocator-block-size=16777216"
    "memorysetup-gfx-main-allocator-block-size=16777216"
    "memorysetup-gfx-thread-allocator-block-size=16777216"
    "memorysetup-cache-allocator-block-size=4194304"
    "memorysetup-typetree-allocator-block-size=2097152"
    "memorysetup-profiler-bucket-allocator-granularity=16"
    "memorysetup-profiler-bucket-allocator-bucket-count=8"
    "memorysetup-profiler-bucket-allocator-block-size=33554432"
    "memorysetup-profiler-bucket-allocator-block-count=8"
    "memorysetup-profiler-allocator-block-size=16777216"
    "memorysetup-profiler-editor-allocator-block-size=1048576"
    "memorysetup-temp-allocator-size-main=16777216"
    "memorysetup-job-temp-allocator-block-size=2097152"
    "memorysetup-job-temp-allocator-block-size-background=1048576"
    "memorysetup-job-temp-allocator-reduction-small-platforms=262144"
    "memorysetup-temp-allocator-size-background-worker=32768"
    "memorysetup-temp-allocator-size-job-worker=262144"
    "memorysetup-temp-allocator-size-preload-manager=33554432"
    "memorysetup-temp-allocator-size-nav-mesh-worker=65536"
    "memorysetup-temp-allocator-size-audio-worker=65536"
    "memorysetup-temp-allocator-size-cloud-worker=32768"
    "memorysetup-temp-allocator-size-gi-baking-worker=262144"
    "memorysetup-temp-allocator-size-gfx=262144"
Refreshing native plugins compatible for Editor in 127.39 ms, found 4 plugins.
Preloading 0 native plugins for Editor in 0.00 ms.
Initialize engine version: 2021.3.14f1 (eee1884e7226)
[Subsystems] Discovering subsystems at path C:/Unity/2021.3.14f1/Editor/Data/Resources/UnitySubsystems
[Subsystems] Discovering subsystems at path C:/Users/Степан/Desktop/Unity GAME/Platformers/Assets
GfxDevice: creating device client; threaded=0; jobified=0
Direct3D:
    Version:  Direct3D 11.0 [level 11.1]
    Renderer: NVIDIA GeForce GTX 1650 (ID=0x1f91)
    Vendor:   NVIDIA
    VRAM:     3962 MB
    Driver:   30.0.15.1278
Initialize mono
Mono path[0] = 'C:/Unity/2021.3.14f1/Editor/Data/Managed'
Mono path[1] = 'C:/Unity/2021.3.14f1/Editor/Data/MonoBleedingEdge/lib/mono/unityjit-win32'
Mono config path = 'C:/Unity/2021.3.14f1/Editor/Data/MonoBleedingEdge/etc'
Using monoOptions --debugger-agent=transport=dt_socket,embedding=1,server=y,suspend=n,address=127.0.0.1:56604
Begin MonoManager ReloadAssembly
Registering precompiled unity dll's ...
Register platform support module: C:/Unity/2021.3.14f1/Editor/Data/PlaybackEngines/WebGLSupport/UnityEditor.WebGL.Extensions.dll
Register platform support module: C:/Unity/2021.3.14f1/Editor/Data/PlaybackEngines/WindowsStandaloneSupport/UnityEditor.WindowsStandalone.Extensions.dll
Registered in 0.226586 seconds.
Native extension for WindowsStandalone target not found
Native extension for WebGL target not found
Refreshing native plugins compatible for Editor in 148.64 ms, found 4 plugins.
Preloading 0 native plugins for Editor in 0.00 ms.
Mono: successfully reloaded assembly
- Completed reload, in  5.994 seconds
Domain Reload Profiling:
	ReloadAssembly (5995ms)
		BeginReloadAssembly (4829ms)
			ExecutionOrderSort (0ms)
			DisableScriptedObjects (0ms)
			BackupInstance (0ms)
			ReleaseScriptingObjects (0ms)
			CreateAndSetChildDomain (1ms)
		EndReloadAssembly (760ms)
			LoadAssemblies (4834ms)
			RebuildTransferFunctionScriptingTraits (1ms)
			SetupTypeCache (168ms)
			ReleaseScriptCaches (0ms)
			RebuildScriptCaches (47ms)
			SetupLoadedEditorAssemblies (451ms)
				LogAssemblyErrors (0ms)
				InitializePlatformSupportModulesInManaged (15ms)
				SetLoadedEditorAssemblies (0ms)
				RefreshPlugins (149ms)
				BeforeProcessingInitializeOnLoad (2ms)
				ProcessInitializeOnLoadAttributes (202ms)
				ProcessInitializeOnLoadMethodAttributes (83ms)
				AfterProcessingInitializeOnLoad (0ms)
				EditorAssembliesLoaded (0ms)
			ExecutionOrderSort2 (0ms)
			AwakeInstancesAfterBackupRestoration (0ms)
Platform modules already initialized, skipping
Registering precompiled user dll's ...
Registered in 0.026750 seconds.
Begin MonoManager ReloadAssembly
Symbol file LoadedFromMemory doesn't match image C:\Users\Степан\Desktop\Unity GAME\Platformers\Library\PackageCache\com.unity.visualscripting@1.7.8\Editor\VisualScripting.Core\Dependencies\YamlDotNet\Unity.VisualScripting.YamlDotNet.dll
Symbol file LoadedFromMemory doesn't match image C:\Users\Степан\Desktop\Unity GAME\Platformers\Library\PackageCache\com.unity.visualscripting@1.7.8\Editor\VisualScripting.Core\Dependencies\DotNetZip\Unity.VisualScripting.IonicZip.dll
Native extension for WindowsStandalone target not found
Native extension for WebGL target not found
Refreshing native plugins compatible for Editor in 158.91 ms, found 4 plugins.
Preloading 0 native plugins for Editor in 0.00 ms.
Mono: successfully reloaded assembly
- Completed reload, in  2.655 seconds
Domain Reload Profiling:
	ReloadAssembly (2657ms)
		BeginReloadAssembly (356ms)
			ExecutionOrderSort (0ms)
			DisableScriptedObjects (12ms)
			BackupInstance (0ms)
			ReleaseScriptingObjects (0ms)
			CreateAndSetChildDomain (49ms)
		EndReloadAssembly (2046ms)
			LoadAssemblies (436ms)
			RebuildTransferFunctionScriptingTraits (0ms)
			SetupTypeCache (506ms)
			ReleaseScriptCaches (1ms)
			RebuildScriptCaches (99ms)
			SetupLoadedEditorAssemblies (1047ms)
				LogAssemblyErrors (0ms)
				InitializePlatformSupportModulesInManaged (8ms)
				SetLoadedEditorAssemblies (0ms)
				RefreshPlugins (159ms)
				BeforeProcessingInitializeOnLoad (195ms)
				ProcessInitializeOnLoadAttributes (595ms)
				ProcessInitializeOnLoadMethodAttributes (77ms)
				AfterProcessingInitializeOnLoad (13ms)
				EditorAssembliesLoaded (1ms)
			ExecutionOrderSort2 (0ms)
			AwakeInstancesAfterBackupRestoration (20ms)
Platform modules already initialized, skipping
========================================================================
Worker process is ready to serve import requests
Launched and connected shader compiler UnityShaderCompiler.exe after 0.11 seconds
Refreshing native plugins compatible for Editor in 2.82 ms, found 4 plugins.
Preloading 0 native plugins for Editor in 0.00 ms.
Unloading 4043 Unused Serialized files (Serialized files now loaded: 0)
Unloading 44 unused Assets / (229.0 KB). Loaded Objects now: 4493.
Memory consumption went from 151.0 MB to 150.8 MB.
Total: 13.998500 ms (FindLiveObjects: 0.784700 ms CreateObjectMapping: 0.844400 ms MarkObjects: 11.722900 ms  DeleteObjects: 0.643300 ms)

AssetImportParameters requested are different than current active one (requested -> active):
  custom:video-decoder-ogg-theora: a1e56fd34408186e4bbccfd4996cb3dc -> 
  custom:container-muxer-webm: aa71ff27fc2769a1b78a27578f13a17b -> 
  custom:container-demuxer-webm: 4f35f7cbe854078d1ac9338744f61a02 -> 
  custom:video-encoder-webm-vp8: eb34c28f22e8b96e1ab97ce403110664 -> 
  custom:audio-encoder-webm-vorbis: bf7c407c2cedff20999df2af8eb42d56 -> 
  custom:framework-win-MediaFoundation: 216162199b28c13a410421893ffa2e32 -> 
  custom:container-demuxer-ogg: 62fdf1f143b41e24485cea50d1cbac27 -> 
  custom:video-decoder-webm-vp8: 9c59270c3fd7afecdb556c50c9e8de78 -> 
  custom:audio-decoder-ogg-vorbis: bf7c407c2cedff20999df2af8eb42d56 -> 
========================================================================
Received Import Request.
  Time since last request: 245227.215002 seconds.
  path: Assets/Scenes
  artifactKey: Guid(131a6b21c8605f84396be9f6751fb6e3) Importer(815301076,1909f56bfc062723c751e8b465ee728b)
Start importing Assets/Scenes using Guid(131a6b21c8605f84396be9f6751fb6e3) Importer(815301076,1909f56bfc062723c751e8b465ee728b)  -> (artifact id: '2c23e514d24f6b65fe96946cd87fc526') in 0.032563 seconds 
========================================================================
Received Import Request.
  Time since last request: 0.000114 seconds.
  path: Assets/BayatGames/Free Platform Game Assets
  artifactKey: Guid(fca484a638c989e4d899378f52d7c168) Importer(815301076,1909f56bfc062723c751e8b465ee728b)
Start importing Assets/BayatGames/Free Platform Game Assets using Guid(fca484a638c989e4d899378f52d7c168) Importer(815301076,1909f56bfc062723c751e8b465ee728b)  -> (artifact id: '9e684894f150c1960ae17c09f486b9a7') in 0.006987 seconds 
========================================================================
Received Import Request.
  Time since last request: 0.000064 seconds.
  path: Assets/BayatGames/Free Platform Game Assets/Backgrounds
  artifactKey: Guid(4032d8f8d13c5954f956f116443aacff) Importer(815301076,1909f56bfc062723c751e8b465ee728b)
Start importing Assets/BayatGames/Free Platform Game Assets/Backgrounds using Guid(4032d8f8d13c5954f956f116443aacff) Importer(815301076,1909f56bfc062723c751e8b465ee728b)  -> (artifact id: '6f7c773a9e81fc121673c3249598be3c') in 0.005352 seconds 
========================================================================
Received Import Request.
  Time since last request: 0.209518 seconds.
  path: Assets/BayatGames/Free Platform Game Assets/Tiles/2D Tiles ( Update 1.9 )
  artifactKey: Guid(f24df406af5b44d4b93237a1564ea376) Importer(815301076,1909f56bfc062723c751e8b465ee728b)
Start importing Assets/BayatGames/Free Platform Game Assets/Tiles/2D Tiles ( Update 1.9 ) using Guid(f24df406af5b44d4b93237a1564ea376) Importer(815301076,1909f56bfc062723c751e8b465ee728b)  -> (artifact id: '8bae0560dff18e59b37e1a6e1f7a9a77') in 0.002629 seconds 
========================================================================
Received Import Request.
  Time since last request: 2.244571 seconds.
  path: Assets/BayatGames/Free Platform Game Assets/Tiles/2D Tiles ( Update 1.9 )/Spring
  artifactKey: Guid(4d5a8ea2a70ada34e96ea228a8b5f03b) Importer(815301076,1909f56bfc062723c751e8b465ee728b)
Start importing Assets/BayatGames/Free Platform Game Assets/Tiles/2D Tiles ( Update 1.9 )/Spring using Guid(4d5a8ea2a70ada34e96ea228a8b5f03b) Importer(815301076,1909f56bfc062723c751e8b465ee728b)  -> (artifact id: 'ccdb38b9f260f6ead9a4018ba10f452f') in 0.003302 seconds 
========================================================================
Received Import Request.
  Time since last request: 2.013760 seconds.
  path: Assets/BayatGames/Free Platform Game Assets/Tiles/2D Tiles ( Update 1.9 )/Spring/512x512
  artifactKey: Guid(32c9c938f179e344685c4d64cbeeaafd) Importer(815301076,1909f56bfc062723c751e8b465ee728b)
Start importing Assets/BayatGames/Free Platform Game Assets/Tiles/2D Tiles ( Update 1.9 )/Spring/512x512 using Guid(32c9c938f179e344685c4d64cbeeaafd) Importer(815301076,1909f56bfc062723c751e8b465ee728b)  -> (artifact id: '91bd5d4a2c7b5e09dd341c61f0207610') in 0.003168 seconds 
========================================================================
Received Import Request.
  Time since last request: 0.093116 seconds.
  path: Assets/BayatGames/Free Platform Game Assets/Tiles/2D Tiles ( Update 1.9 )/Spring/512x512/Grass.png
  artifactKey: Guid(6c3fb653efa2ebd429742dc664f8b159) Importer(815301076,1909f56bfc062723c751e8b465ee728b)
Start importing Assets/BayatGames/Free Platform Game Assets/Tiles/2D Tiles ( Update 1.9 )/Spring/512x512/Grass.png using Guid(6c3fb653efa2ebd429742dc664f8b159) Importer(815301076,1909f56bfc062723c751e8b465ee728b)  -> (artifact id: '0cac1986dd243a53f85aafec6779821a') in 0.265072 seconds 
========================================================================
Received Import Request.
  Time since last request: 0.000036 seconds.
  path: Assets/BayatGames/Free Platform Game Assets/Tiles/2D Tiles ( Update 1.9 )/Spring/512x512/GrassHillRight.png
  artifactKey: Guid(0309b004b821e8f488c5e6833d7595d7) Importer(815301076,1909f56bfc062723c751e8b465ee728b)
Start importing Assets/BayatGames/Free Platform Game Assets/Tiles/2D Tiles ( Update 1.9 )/Spring/512x512/GrassHillRight.png using Guid(0309b004b821e8f488c5e6833d7595d7) Importer(815301076,1909f56bfc062723c751e8b465ee728b)  -> (artifact id: '7ef25a6a4b6cae4bf75546627d2e71cd') in 0.034695 seconds 
========================================================================
Received Import Request.
  Time since last request: 0.000041 seconds.
  path: Assets/BayatGames/Free Platform Game Assets/Tiles/2D Tiles ( Update 1.9 )/Spring/512x512/GrassJoinHillLeft.png
  artifactKey: Guid(e6eae7e18ef03794086cc5e9b57d27de) Importer(815301076,1909f56bfc062723c751e8b465ee728b)
Start importing Assets/BayatGames/Free Platform Game Assets/Tiles/2D Tiles ( Update 1.9 )/Spring/512x512/GrassJoinHillLeft.png using Guid(e6eae7e18ef03794086cc5e9b57d27de) Importer(815301076,1909f56bfc062723c751e8b465ee728b)  -> (artifact id: '6e95aa7eee2323a0e088bd50d01f114b') in 0.038428 seconds 
========================================================================
Received Import Request.
  Time since last request: 0.000036 seconds.
  path: Assets/BayatGames/Free Platform Game Assets/Tiles/2D Tiles ( Update 1.9 )/Spring/512x512/GrassLeft.png
  artifactKey: Guid(fdb4ae36eb7e50447842d13941586854) Importer(815301076,1909f56bfc062723c751e8b465ee728b)
Start importing Assets/BayatGames/Free Platform Game Assets/Tiles/2D Tiles ( Update 1.9 )/Spring/512x512/GrassLeft.png using Guid(fdb4ae36eb7e50447842d13941586854) Importer(815301076,1909f56bfc062723c751e8b465ee728b)  -> (artifact id: 'f76d7bed84f2491727cd1c16e031ffb2') in 0.035868 seconds 
========================================================================
Received Import Request.
  Time since last request: 0.000032 seconds.
  path: Assets/BayatGames/Free Platform Game Assets/Tiles/2D Tiles ( Update 1.9 )/Spring/512x512/GrassCliffMid.png
  artifactKey: Guid(7a24f3066187aeb4bb2b7d3024a672bf) Importer(815301076,1909f56bfc062723c751e8b465ee728b)
Start importing Assets/BayatGames/Free Platform Game Assets/Tiles/2D Tiles ( Update 1.9 )/Spring/512x512/GrassCliffMid.png using Guid(7a24f3066187aeb4bb2b7d3024a672bf) Importer(815301076,1909f56bfc062723c751e8b465ee728b)  -> (artifact id: '8c1c4a019267dd874b054ff8e73b8612') in 0.031863 seconds 
========================================================================
Received Import Request.
  Time since last request: 0.000026 seconds.
  path: Assets/BayatGames/Free Platform Game Assets/Tiles/2D Tiles ( Update 1.9 )/Spring/512x512/GrassHillRight2.png
  artifactKey: Guid(33e1c8f6c8dc7334ba153cf996998b74) Importer(815301076,1909f56bfc062723c751e8b465ee728b)
Start importing Assets/BayatGames/Free Platform Game Assets/Tiles/2D Tiles ( Update 1.9 )/Spring/512x512/GrassHillRight2.png using Guid(33e1c8f6c8dc7334ba153cf996998b74) Importer(815301076,1909f56bfc062723c751e8b465ee728b)  -> (artifact id: '967a4db0bb46830723acbc07ed5005a5') in 0.031106 seconds 
========================================================================
Received Import Request.
  Time since last request: 0.000184 seconds.
  path: Assets/BayatGames/Free Platform Game Assets/Tiles/2D Tiles ( Update 1.9 )/Spring/512x512/GrassJoinHillRight2.png
  artifactKey: Guid(c2b907e7f225cab408a7186a47242495) Importer(815301076,1909f56bfc062723c751e8b465ee728b)
Start importing Assets/BayatGames/Free Platform Game Assets/Tiles/2D Tiles ( Update 1.9 )/Spring/512x512/GrassJoinHillRight2.png using Guid(c2b907e7f225cab408a7186a47242495) Importer(815301076,1909f56bfc062723c751e8b465ee728b)  -> (artifact id: 'd2a74ce0de0021f0f64d520d5811bc1c') in 0.032532 seconds 
========================================================================
Received Import Request.
  Time since last request: 0.000033 seconds.
  path: Assets/BayatGames/Free Platform Game Assets/Tiles/2D Tiles ( Update 1.9 )/Spring/512x512/GrassJoinHillRight.png
  artifactKey: Guid(4cfa5cc8e05c17f49b9925c6f6b03e52) Importer(815301076,1909f56bfc062723c751e8b465ee728b)
Start importing Assets/BayatGames/Free Platform Game Assets/Tiles/2D Tiles ( Update 1.9 )/Spring/512x512/GrassJoinHillRight.png using Guid(4cfa5cc8e05c17f49b9925c6f6b03e52) Importer(815301076,1909f56bfc062723c751e8b465ee728b)  -> (artifact id: '393ab76d874fe701ac15bbf17152dc95') in 0.032209 seconds 
========================================================================
Received Import Request.
  Time since last request: 0.000046 seconds.
  path: Assets/BayatGames/Free Platform Game Assets/Tiles/2D Tiles ( Update 1.9 )/Spring/512x512/GrassJoinHillRight2 DownShadow.png
  artifactKey: Guid(52a1814036464834f8724428abb9ce53) Importer(815301076,1909f56bfc062723c751e8b465ee728b)
Start importing Assets/BayatGames/Free Platform Game Assets/Tiles/2D Tiles ( Update 1.9 )/Spring/512x512/GrassJoinHillRight2 DownShadow.png using Guid(52a1814036464834f8724428abb9ce53) Importer(815301076,1909f56bfc062723c751e8b465ee728b)  -> (artifact id: 'acde074211c136f21d95162545a534e7') in 0.031433 seconds 
========================================================================
Received Import Request.
  Time since last request: 0.000075 seconds.
  path: Assets/BayatGames/Free Platform Game Assets/Tiles/2D Tiles ( Update 1.9 )/Spring/512x512/GrassJoinHillRight2&Left2.png
  artifactKey: Guid(25aef3dec09b9b441a6d96d3b26f00b6) Importer(815301076,1909f56bfc062723c751e8b465ee728b)
Start importing Assets/BayatGames/Free Platform Game Assets/Tiles/2D Tiles ( Update 1.9 )/Spring/512x512/GrassJoinHillRight2&Left2.png using Guid(25aef3dec09b9b441a6d96d3b26f00b6) Importer(815301076,1909f56bfc062723c751e8b465ee728b)  -> (artifact id: 'fd66c7a550684d8db262edc30f0932d9') in 0.034054 seconds 
========================================================================
Received Import Request.
  Time since last request: 0.000029 seconds.
  path: Assets/BayatGames/Free Platform Game Assets/Tiles/2D Tiles ( Update 1.9 )/Spring/512x512/GrassCliffRight.png
  artifactKey: Guid(08595250fd6a565488e11bd469f79951) Importer(815301076,1909f56bfc062723c751e8b465ee728b)
Start importing Assets/BayatGames/Free Platform Game Assets/Tiles/2D Tiles ( Update 1.9 )/Spring/512x512/GrassCliffRight.png using Guid(08595250fd6a565488e11bd469f79951) Importer(815301076,1909f56bfc062723c751e8b465ee728b)  -> (artifact id: '2e3112d92d79fe1973f0d7ce506b2234') in 0.030197 seconds 
========================================================================
Received Import Request.
  Time since last request: 0.000032 seconds.
  path: Assets/BayatGames/Free Platform Game Assets/Tiles/2D Tiles ( Update 1.9 )/Spring/512x512/GrassMid.png
  artifactKey: Guid(d51dc24fb76e034449203ada02df7950) Importer(815301076,1909f56bfc062723c751e8b465ee728b)
Start importing Assets/BayatGames/Free Platform Game Assets/Tiles/2D Tiles ( Update 1.9 )/Spring/512x512/GrassMid.png using Guid(d51dc24fb76e034449203ada02df7950) Importer(815301076,1909f56bfc062723c751e8b465ee728b)  -> (artifact id: '857e96fa2c614d29f7fe88e87e0a3e4f') in 0.031603 seconds 
========================================================================
Received Import Request.
  Time since last request: 157.746481 seconds.
  path: Assets/BayatGames/Free Platform Game Assets/Chests
  artifactKey: Guid(896ab929a4402a44ea64260eea3e816e) Importer(815301076,1909f56bfc062723c751e8b465ee728b)
Start importing Assets/BayatGames/Free Platform Game Assets/Chests using Guid(896ab929a4402a44ea64260eea3e816e) Importer(815301076,1909f56bfc062723c751e8b465ee728b)  -> (artifact id: 'a69f04a445c74dd720ded2930b4e2f6f') in 0.003181 seconds 
========================================================================
Received Import Request.
  Time since last request: 2.136960 seconds.
  path: Assets/BayatGames/Free Platform Game Assets/Chests/New Chests ( Update 1.8.5 )
  artifactKey: Guid(8f4bdb449d61aae42a0f9db10a3ceef9) Importer(815301076,1909f56bfc062723c751e8b465ee728b)
Start importing Assets/BayatGames/Free Platform Game Assets/Chests/New Chests ( Update 1.8.5 ) using Guid(8f4bdb449d61aae42a0f9db10a3ceef9) Importer(815301076,1909f56bfc062723c751e8b465ee728b)  -> (artifact id: '1d321c231eeb58e0975ae2c079964004') in 0.002962 seconds 
========================================================================
Received Import Request.
  Time since last request: 1.709871 seconds.
  path: Assets/BayatGames/Free Platform Game Assets/Chests/New Chests ( Update 1.8.5 )/png
  artifactKey: Guid(acd1215dadc107e47bc401af58aaf075) Importer(815301076,1909f56bfc062723c751e8b465ee728b)
Start importing Assets/BayatGames/Free Platform Game Assets/Chests/New Chests ( Update 1.8.5 )/png using Guid(acd1215dadc107e47bc401af58aaf075) Importer(815301076,1909f56bfc062723c751e8b465ee728b)  -> (artifact id: '7431ee86586f7abd83eba29693b4c707') in 0.003190 seconds 
========================================================================
Received Import Request.
  Time since last request: 1.176503 seconds.
  path: Assets/BayatGames/Free Platform Game Assets/Chests/New Chests ( Update 1.8.5 )/png/Sliced
  artifactKey: Guid(5e752bb2f24c0214589458f577d65088) Importer(815301076,1909f56bfc062723c751e8b465ee728b)
Start importing Assets/BayatGames/Free Platform Game Assets/Chests/New Chests ( Update 1.8.5 )/png/Sliced using Guid(5e752bb2f24c0214589458f577d65088) Importer(815301076,1909f56bfc062723c751e8b465ee728b)  -> (artifact id: 'a04e4ec74ed3e8634038715c1468e202') in 0.003891 seconds 
========================================================================
Received Import Request.
  Time since last request: 0.993006 seconds.
  path: Assets/BayatGames/Free Platform Game Assets/Chests/New Chests ( Update 1.8.5 )/png/Sliced/Model-2
  artifactKey: Guid(a9b26805d5b372641a5c27328f341175) Importer(815301076,1909f56bfc062723c751e8b465ee728b)
Start importing Assets/BayatGames/Free Platform Game Assets/Chests/New Chests ( Update 1.8.5 )/png/Sliced/Model-2 using Guid(a9b26805d5b372641a5c27328f341175) Importer(815301076,1909f56bfc062723c751e8b465ee728b)  -> (artifact id: '68ea63fdbd6fc780e3a00e39a3269c4c') in 0.002981 seconds 
========================================================================
Received Import Request.
  Time since last request: 0.770907 seconds.
  path: Assets/BayatGames/Free Platform Game Assets/Chests/New Chests ( Update 1.8.5 )/png/Sliced/Model-2/2x
  artifactKey: Guid(d4aa3aa2c2dbb534a821895a1607d152) Importer(815301076,1909f56bfc062723c751e8b465ee728b)
Start importing Assets/BayatGames/Free Platform Game Assets/Chests/New Chests ( Update 1.8.5 )/png/Sliced/Model-2/2x using Guid(d4aa3aa2c2dbb534a821895a1607d152) Importer(815301076,1909f56bfc062723c751e8b465ee728b)  -> (artifact id: '403f25a01494fe5b68ea5e6d483edc13') in 0.002499 seconds 
========================================================================
Received Import Request.
  Time since last request: 0.094268 seconds.
  path: Assets/BayatGames/Free Platform Game Assets/Chests/New Chests ( Update 1.8.5 )/png/Sliced/Model-2/2x/Model2-body-2x.png
  artifactKey: Guid(999a4947cd6c568499165e72bb2ad705) Importer(815301076,1909f56bfc062723c751e8b465ee728b)
Start importing Assets/BayatGames/Free Platform Game Assets/Chests/New Chests ( Update 1.8.5 )/png/Sliced/Model-2/2x/Model2-body-2x.png using Guid(999a4947cd6c568499165e72bb2ad705) Importer(815301076,1909f56bfc062723c751e8b465ee728b)  -> (artifact id: '829eec9c23fdb0cb91b962c19a50d135') in 0.029580 seconds 
========================================================================
Received Import Request.
  Time since last request: 0.000027 seconds.
  path: Assets/BayatGames/Free Platform Game Assets/Chests/New Chests ( Update 1.8.5 )/png/Sliced/Model-2/2x/Model2-Head-8-2x.png
  artifactKey: Guid(57b9f11a0c4761e4cbe181e3644ce568) Importer(815301076,1909f56bfc062723c751e8b465ee728b)
Start importing Assets/BayatGames/Free Platform Game Assets/Chests/New Chests ( Update 1.8.5 )/png/Sliced/Model-2/2x/Model2-Head-8-2x.png using Guid(57b9f11a0c4761e4cbe181e3644ce568) Importer(815301076,1909f56bfc062723c751e8b465ee728b)  -> (artifact id: 'cca054883382593e7eef9f5afa75567b') in 0.033365 seconds 
========================================================================
Received Import Request.
  Time since last request: 0.000047 seconds.
  path: Assets/BayatGames/Free Platform Game Assets/Chests/New Chests ( Update 1.8.5 )/png/Sliced/Model-2/2x/Model2-headInnerPiece-5-ForHead-9-2x.png
  artifactKey: Guid(34d7b58ce724b4e4ab0bb1b8ca5c0a42) Importer(815301076,1909f56bfc062723c751e8b465ee728b)
Start importing Assets/BayatGames/Free Platform Game Assets/Chests/New Chests ( Update 1.8.5 )/png/Sliced/Model-2/2x/Model2-headInnerPiece-5-ForHead-9-2x.png using Guid(34d7b58ce724b4e4ab0bb1b8ca5c0a42) Importer(815301076,1909f56bfc062723c751e8b465ee728b)  -> (artifact id: '61ef728e5b85cf983534e8e369e414d7') in 0.037578 seconds 
========================================================================
Received Import Request.
  Time since last request: 0.000060 seconds.
  path: Assets/BayatGames/Free Platform Game Assets/Chests/New Chests ( Update 1.8.5 )/png/Sliced/Model-2/2x/Model2-Head-1-2x.png
  artifactKey: Guid(49335457b68a16d4b9b05bae6ddd7f26) Importer(815301076,1909f56bfc062723c751e8b465ee728b)
Start importing Assets/BayatGames/Free Platform Game Assets/Chests/New Chests ( Update 1.8.5 )/png/Sliced/Model-2/2x/Model2-Head-1-2x.png using Guid(49335457b68a16d4b9b05bae6ddd7f26) Importer(815301076,1909f56bfc062723c751e8b465ee728b)  -> (artifact id: 'a71512f1d4571a16f031af18d41ebdab') in 0.038994 seconds 
========================================================================
Received Import Request.
  Time since last request: 0.000039 seconds.
  path: Assets/BayatGames/Free Platform Game Assets/Chests/New Chests ( Update 1.8.5 )/png/Sliced/Model-2/2x/Model2-headInnerPiece-1-ForHead-5-2x.png
  artifactKey: Guid(dd3caa1ab75d93647888e3523993b81e) Importer(815301076,1909f56bfc062723c751e8b465ee728b)
Start importing Assets/BayatGames/Free Platform Game Assets/Chests/New Chests ( Update 1.8.5 )/png/Sliced/Model-2/2x/Model2-headInnerPiece-1-ForHead-5-2x.png using Guid(dd3caa1ab75d93647888e3523993b81e) Importer(815301076,1909f56bfc062723c751e8b465ee728b)  -> (artifact id: 'b1506e7700dc5a77dbf9218fb120140f') in 0.033739 seconds 
========================================================================
Received Import Request.
  Time since last request: 0.000027 seconds.
  path: Assets/BayatGames/Free Platform Game Assets/Chests/New Chests ( Update 1.8.5 )/png/Sliced/Model-2/2x/Model2-Head-6-2x.png
  artifactKey: Guid(2ad41539b0d99b14897d8159edfe8454) Importer(815301076,1909f56bfc062723c751e8b465ee728b)
Start importing Assets/BayatGames/Free Platform Game Assets/Chests/New Chests ( Update 1.8.5 )/png/Sliced/Model-2/2x/Model2-Head-6-2x.png using Guid(2ad41539b0d99b14897d8159edfe8454) Importer(815301076,1909f56bfc062723c751e8b465ee728b)  -> (artifact id: '3bb81eb5740ed90fd600f8ba62e0806e') in 0.034714 seconds 
========================================================================
Received Import Request.
  Time since last request: 0.000039 seconds.
  path: Assets/BayatGames/Free Platform Game Assets/Chests/New Chests ( Update 1.8.5 )/png/Sliced/Model-2/2x/Model2-Head-9-2x.png
  artifactKey: Guid(6459dd98ba2e6624ebc94b19e55fa04e) Importer(815301076,1909f56bfc062723c751e8b465ee728b)
Start importing Assets/BayatGames/Free Platform Game Assets/Chests/New Chests ( Update 1.8.5 )/png/Sliced/Model-2/2x/Model2-Head-9-2x.png using Guid(6459dd98ba2e6624ebc94b19e55fa04e) Importer(815301076,1909f56bfc062723c751e8b465ee728b)  -> (artifact id: 'd986891c10ca0adea99e79af593c93fb') in 0.035332 seconds 
========================================================================
Received Import Request.
  Time since last request: 0.000054 seconds.
  path: Assets/BayatGames/Free Platform Game Assets/Chests/New Chests ( Update 1.8.5 )/png/Sliced/Model-2/2x/Model2-headInnerPiece-2-ForHead-6-2x.png
  artifactKey: Guid(498e79cdcd8db62489a08d1a3615a1d6) Importer(815301076,1909f56bfc062723c751e8b465ee728b)
Start importing Assets/BayatGames/Free Platform Game Assets/Chests/New Chests ( Update 1.8.5 )/png/Sliced/Model-2/2x/Model2-headInnerPiece-2-ForHead-6-2x.png using Guid(498e79cdcd8db62489a08d1a3615a1d6) Importer(815301076,1909f56bfc062723c751e8b465ee728b)  -> (artifact id: '52f9bcfe425b252d81d9563d36c59f89') in 0.036875 seconds 
========================================================================
Received Import Request.
  Time since last request: 3.041409 seconds.
  path: Assets/BayatGames/Free Platform Game Assets/Character
  artifactKey: Guid(49d41ba9d76148b4c832aaf9c8625c68) Importer(815301076,1909f56bfc062723c751e8b465ee728b)
Start importing Assets/BayatGames/Free Platform Game Assets/Character using Guid(49d41ba9d76148b4c832aaf9c8625c68) Importer(815301076,1909f56bfc062723c751e8b465ee728b)  -> (artifact id: '42f3782b91283eeee144988ed2d93fcd') in 0.003582 seconds 
========================================================================
Received Import Request.
  Time since last request: 4.166502 seconds.
  path: Assets/BayatGames/Free Platform Game Assets/Character/Character Source
  artifactKey: Guid(e2fcd15e38045f146ad298394c585b29) Importer(815301076,1909f56bfc062723c751e8b465ee728b)
Start importing Assets/BayatGames/Free Platform Game Assets/Character/Character Source using Guid(e2fcd15e38045f146ad298394c585b29) Importer(815301076,1909f56bfc062723c751e8b465ee728b)  -> (artifact id: '034c3454cde8516211a1d9bd91eba2cb') in 0.002390 seconds 
========================================================================
Received Import Request.
  Time since last request: 1.039490 seconds.
  path: Assets/BayatGames/Free Platform Game Assets/Character/Character Source/png
  artifactKey: Guid(ba49fa5191630e8408bc327ff6801786) Importer(815301076,1909f56bfc062723c751e8b465ee728b)
Start importing Assets/BayatGames/Free Platform Game Assets/Character/Character Source/png using Guid(ba49fa5191630e8408bc327ff6801786) Importer(815301076,1909f56bfc062723c751e8b465ee728b)  -> (artifact id: '1098798445409d30ae37fad8805166cd') in 0.004438 seconds 
========================================================================
Received Import Request.
  Time since last request: 0.724062 seconds.
  path: Assets/BayatGames/Free Platform Game Assets/Character/Character Source/png/4x
  artifactKey: Guid(f30480e68e7fc8d4f856e4c95369b9dd) Importer(815301076,1909f56bfc062723c751e8b465ee728b)
Start importing Assets/BayatGames/Free Platform Game Assets/Character/Character Source/png/4x using Guid(f30480e68e7fc8d4f856e4c95369b9dd) Importer(815301076,1909f56bfc062723c751e8b465ee728b)  -> (artifact id: '6c5985baea859d3c52670fc1ac0427cd') in 0.007357 seconds 
========================================================================
Received Import Request.
  Time since last request: 0.052389 seconds.
  path: Assets/BayatGames/Free Platform Game Assets/Character/Character Source/png/4x/Body.png
  artifactKey: Guid(ea3ababbf963ba74d857824be9c13cde) Importer(815301076,1909f56bfc062723c751e8b465ee728b)
Start importing Assets/BayatGames/Free Platform Game Assets/Character/Character Source/png/4x/Body.png using Guid(ea3ababbf963ba74d857824be9c13cde) Importer(815301076,1909f56bfc062723c751e8b465ee728b)  -> (artifact id: '5811253f33cfa4b8305ca92d06ed4666') in 0.031110 seconds 
========================================================================
Received Import Request.
  Time since last request: 0.000052 seconds.
  path: Assets/BayatGames/Free Platform Game Assets/Character/Character Source/png/4x/LeftEye.png
  artifactKey: Guid(b7d48df2dd5700641a5a1ada209269c3) Importer(815301076,1909f56bfc062723c751e8b465ee728b)
Start importing Assets/BayatGames/Free Platform Game Assets/Character/Character Source/png/4x/LeftEye.png using Guid(b7d48df2dd5700641a5a1ada209269c3) Importer(815301076,1909f56bfc062723c751e8b465ee728b)  -> (artifact id: 'a653147bced31d1a62026e2effbcb289') in 0.025692 seconds 
========================================================================
Received Import Request.
  Time since last request: 0.000029 seconds.
  path: Assets/BayatGames/Free Platform Game Assets/Character/Character Source/png/4x/LeftFoot.png
  artifactKey: Guid(21f1e42e8ee4400409a53c55671bd27f) Importer(815301076,1909f56bfc062723c751e8b465ee728b)
Start importing Assets/BayatGames/Free Platform Game Assets/Character/Character Source/png/4x/LeftFoot.png using Guid(21f1e42e8ee4400409a53c55671bd27f) Importer(815301076,1909f56bfc062723c751e8b465ee728b)  -> (artifact id: 'd178e837d2a87f8fabe44653c586eadd') in 0.022582 seconds 
========================================================================
Received Import Request.
  Time since last request: 0.000031 seconds.
  path: Assets/BayatGames/Free Platform Game Assets/Character/Character Source/png/4x/RightFoot.png
  artifactKey: Guid(2dea15e248a6b794aa38cc1d5cc5c69f) Importer(815301076,1909f56bfc062723c751e8b465ee728b)
Start importing Assets/BayatGames/Free Platform Game Assets/Character/Character Source/png/4x/RightFoot.png using Guid(2dea15e248a6b794aa38cc1d5cc5c69f) Importer(815301076,1909f56bfc062723c751e8b465ee728b)  -> (artifact id: '313d19a3cccd48bd6fb66609817931fd') in 0.019483 seconds 
========================================================================
Received Import Request.
  Time since last request: 0.000050 seconds.
  path: Assets/BayatGames/Free Platform Game Assets/Character/Character Source/png/4x/RightHand.png
  artifactKey: Guid(55d05a90cbf90294d8bdc9298bbc97b9) Importer(815301076,1909f56bfc062723c751e8b465ee728b)
Start importing Assets/BayatGames/Free Platform Game Assets/Character/Character Source/png/4x/RightHand.png using Guid(55d05a90cbf90294d8bdc9298bbc97b9) Importer(815301076,1909f56bfc062723c751e8b465ee728b)  -> (artifact id: '85a17e042855963bf1485a7c8e620477') in 0.016273 seconds 
========================================================================
Received Import Request.
  Time since last request: 2.055921 seconds.
  path: Assets/BayatGames/Free Platform Game Assets/Character/Character Source/png/4x/Sprite Mesh
  artifactKey: Guid(a23ce32eb74701d4db51f42e2661b75f) Importer(815301076,1909f56bfc062723c751e8b465ee728b)
Start importing Assets/BayatGames/Free Platform Game Assets/Character/Character Source/png/4x/Sprite Mesh using Guid(a23ce32eb74701d4db51f42e2661b75f) Importer(815301076,1909f56bfc062723c751e8b465ee728b)  -> (artifact id: '5a78f48e9de89d328e6b702838d01f36') in 0.005489 seconds 
========================================================================
Received Import Request.
  Time since last request: 0.113689 seconds.
  path: Assets/BayatGames/Free Platform Game Assets/Character/Character Source/png/4x/Sprite Mesh/Body.asset
  artifactKey: Guid(ee067ee8670fa3e47829b0d74eec99c0) Importer(815301076,1909f56bfc062723c751e8b465ee728b)
Start importing Assets/BayatGames/Free Platform Game Assets/Character/Character Source/png/4x/Sprite Mesh/Body.asset using Guid(ee067ee8670fa3e47829b0d74eec99c0) Importer(815301076,1909f56bfc062723c751e8b465ee728b)  -> (artifact id: '6998bfedf2fdfa78403a073e62738c0e') in 0.013135 seconds 
========================================================================
Received Import Request.
  Time since last request: 0.000029 seconds.
  path: Assets/BayatGames/Free Platform Game Assets/Character/Character Source/png/4x/Sprite Mesh/LeftEye.asset
  artifactKey: Guid(3a5079f65a64a294bb858ad4f0c42481) Importer(815301076,1909f56bfc062723c751e8b465ee728b)
Start importing Assets/BayatGames/Free Platform Game Assets/Character/Character Source/png/4x/Sprite Mesh/LeftEye.asset using Guid(3a5079f65a64a294bb858ad4f0c42481) Importer(815301076,1909f56bfc062723c751e8b465ee728b)  -> (artifact id: '6dd664cfe8be9a82dc730c258346a2ae') in 0.004425 seconds 
========================================================================
Received Import Request.
  Time since last request: 0.000030 seconds.
  path: Assets/BayatGames/Free Platform Game Assets/Character/Character Source/png/4x/Sprite Mesh/RightFoot.asset
  artifactKey: Guid(5ff121e36eddf704f85167abbb32b4be) Importer(815301076,1909f56bfc062723c751e8b465ee728b)
Start importing Assets/BayatGames/Free Platform Game Assets/Character/Character Source/png/4x/Sprite Mesh/RightFoot.asset using Guid(5ff121e36eddf704f85167abbb32b4be) Importer(815301076,1909f56bfc062723c751e8b465ee728b)  -> (artifact id: '2a01468652eaa83073a167a088e8a221') in 0.004394 seconds 
========================================================================
Received Import Request.
  Time since last request: 0.000031 seconds.
  path: Assets/BayatGames/Free Platform Game Assets/Character/Character Source/png/4x/Sprite Mesh/LeftHand.asset
  artifactKey: Guid(391b199f67121d54b93c5ffe76d01220) Importer(815301076,1909f56bfc062723c751e8b465ee728b)
Start importing Assets/BayatGames/Free Platform Game Assets/Character/Character Source/png/4x/Sprite Mesh/LeftHand.asset using Guid(391b199f67121d54b93c5ffe76d01220) Importer(815301076,1909f56bfc062723c751e8b465ee728b)  -> (artifact id: 'f2b0c8a3ad0074097e60bc0c17f80d4c') in 0.004245 seconds 
========================================================================
Received Import Request.
  Time since last request: 0.000050 seconds.
  path: Assets/BayatGames/Free Platform Game Assets/Character/Character Source/png/4x/Sprite Mesh/RightHand.asset
  artifactKey: Guid(b6aa305d74e359f4fb278d0bf4e540f8) Importer(815301076,1909f56bfc062723c751e8b465ee728b)
Start importing Assets/BayatGames/Free Platform Game Assets/Character/Character Source/png/4x/Sprite Mesh/RightHand.asset using Guid(b6aa305d74e359f4fb278d0bf4e540f8) Importer(815301076,1909f56bfc062723c751e8b465ee728b)  -> (artifact id: '078e3a9dcd63c286c20d1e1c2272414e') in 0.004142 seconds 
========================================================================
Received Import Request.
  Time since last request: 5.930427 seconds.
  path: Assets/BayatGames/Free Platform Game Assets/Character/Character Source/png/1x
  artifactKey: Guid(bd3f7526b8b1ed741a7bd39458b5cfae) Importer(815301076,1909f56bfc062723c751e8b465ee728b)
Start importing Assets/BayatGames/Free Platform Game Assets/Character/Character Source/png/1x using Guid(bd3f7526b8b1ed741a7bd39458b5cfae) Importer(815301076,1909f56bfc062723c751e8b465ee728b)  -> (artifact id: 'c44aa5be7a835a9da1eb845fe1228894') in 0.003262 seconds 
========================================================================
Received Import Request.
  Time since last request: 0.099055 seconds.
  path: Assets/BayatGames/Free Platform Game Assets/Character/Character Source/png/1x/Body.png
  artifactKey: Guid(34d7edc209cc0a44bbd2d515e290b5dc) Importer(815301076,1909f56bfc062723c751e8b465ee728b)
Start importing Assets/BayatGames/Free Platform Game Assets/Character/Character Source/png/1x/Body.png using Guid(34d7edc209cc0a44bbd2d515e290b5dc) Importer(815301076,1909f56bfc062723c751e8b465ee728b)  -> (artifact id: 'a076391c7d9189412268d08df76a74bb') in 0.017243 seconds 
========================================================================
Received Import Request.
  Time since last request: 0.000036 seconds.
  path: Assets/BayatGames/Free Platform Game Assets/Character/Character Source/png/1x/RightHand&Arm.png
  artifactKey: Guid(1522717752b33424eb99ca876b572985) Importer(815301076,1909f56bfc062723c751e8b465ee728b)
Start importing Assets/BayatGames/Free Platform Game Assets/Character/Character Source/png/1x/RightHand&Arm.png using Guid(1522717752b33424eb99ca876b572985) Importer(815301076,1909f56bfc062723c751e8b465ee728b)  -> (artifact id: 'e7a51f927dd4665cbd2a7c2f6eee4f5e') in 0.019897 seconds 
========================================================================
Received Import Request.
  Time since last request: 9.632403 seconds.
  path: Assets/BayatGames/Free Platform Game Assets/Character/Character Animation ( Update 1.8 )
  artifactKey: Guid(463876520bcb40e46b9047b073639897) Importer(815301076,1909f56bfc062723c751e8b465ee728b)
Start importing Assets/BayatGames/Free Platform Game Assets/Character/Character Animation ( Update 1.8 ) using Guid(463876520bcb40e46b9047b073639897) Importer(815301076,1909f56bfc062723c751e8b465ee728b)  -> (artifact id: '23075526db47b50d1d916719315e6dae') in 0.003633 seconds 
========================================================================
Received Import Request.
  Time since last request: 1.435434 seconds.
  path: Assets/BayatGames/Free Platform Game Assets/Character/Character Animation ( Update 1.8 )/Run
  artifactKey: Guid(f4ac55acf5ac2a54baeaec936295f8cd) Importer(815301076,1909f56bfc062723c751e8b465ee728b)
Start importing Assets/BayatGames/Free Platform Game Assets/Character/Character Animation ( Update 1.8 )/Run using Guid(f4ac55acf5ac2a54baeaec936295f8cd) Importer(815301076,1909f56bfc062723c751e8b465ee728b)  -> (artifact id: 'f97e2fc3a0ca56c4c3589d78f320f2e6') in 0.002857 seconds 
========================================================================
Received Import Request.
  Time since last request: 0.344629 seconds.
  path: Assets/BayatGames/Free Platform Game Assets/Character/Character Animation ( Update 1.8 )/Run/1x.png
  artifactKey: Guid(a407a3b3fefdc4b4595de46072f1ba58) Importer(815301076,1909f56bfc062723c751e8b465ee728b)
Start importing Assets/BayatGames/Free Platform Game Assets/Character/Character Animation ( Update 1.8 )/Run/1x.png using Guid(a407a3b3fefdc4b4595de46072f1ba58) Importer(815301076,1909f56bfc062723c751e8b465ee728b)  -> (artifact id: 'bf359379f0807caac34d331fdd380aad') in 0.033540 seconds 
========================================================================
Received Import Request.
  Time since last request: 15.186317 seconds.
  path: Assets/BayatGames/Free Platform Game Assets/Character/Character Source/ai
  artifactKey: Guid(bbeb8842605cefa4380cd8cb7de9c7e7) Importer(815301076,1909f56bfc062723c751e8b465ee728b)
Start importing Assets/BayatGames/Free Platform Game Assets/Character/Character Source/ai using Guid(bbeb8842605cefa4380cd8cb7de9c7e7) Importer(815301076,1909f56bfc062723c751e8b465ee728b)  -> (artifact id: '764695101ffc38046b98428b34761234') in 0.006553 seconds 
========================================================================
Received Import Request.
  Time since last request: 3.128423 seconds.
  path: Assets/BayatGames/Free Platform Game Assets/Character/Character Source/eps
  artifactKey: Guid(91658111a3968c5439633dc4fe4fbf9f) Importer(815301076,1909f56bfc062723c751e8b465ee728b)
Start importing Assets/BayatGames/Free Platform Game Assets/Character/Character Source/eps using Guid(91658111a3968c5439633dc4fe4fbf9f) Importer(815301076,1909f56bfc062723c751e8b465ee728b)  -> (artifact id: 'f0bc362bf958628e4d94ec64b1139e7d') in 0.005252 seconds 
